<?xml version="1.0" encoding="UTF-8"?>
<!-- Generated by org.testng.reporters.JUnitXMLReporter -->
<testsuite ignored="0" hostname="AIN126P-LT" failures="0" tests="4" name="Default test" time="5.294" errors="0" timestamp="2023-10-26T13:28:26 IST">
  <testcase classname="Tests.VerifyLeftMenuUI" name="verifyLeftMenuHeader" time="0.284"/>
  <testcase classname="Tests.VerifyLeftMenuUI" name="verifyLeftMenuHeaderFields" time="0.133"/>
  <testcase classname="Tests.VerifyLeftMenuUI" name="verifyOfficialResourcesLinks" time="0.558"/>
  <testcase classname="Tests.VerifyLeftMenuUI" name="verifyCommunityLinks" time="0.508"/>
</testsuite> <!-- Default test -->
