<?xml version="1.0" encoding="UTF-8"?>
<!-- Generated by org.testng.reporters.JUnitXMLReporter -->
<testsuite ignored="0" hostname="AIN126P-LT" failures="0" tests="4" name="VerifyLeftMenuUI" time="2.903" errors="0" timestamp="2023-10-26T13:32:21 IST">
  <testcase classname="Tests.VerifyLeftMenuUI" name="verifyLeftMenuHeader" time="0.342"/>
  <testcase classname="Tests.VerifyLeftMenuUI" name="verifyLeftMenuHeaderFields" time="0.131"/>
  <testcase classname="Tests.VerifyLeftMenuUI" name="verifyOfficialResourcesLinks" time="0.606"/>
  <testcase classname="Tests.VerifyLeftMenuUI" name="verifyCommunityLinks" time="0.52"/>
</testsuite> <!-- VerifyLeftMenuUI -->
